{"/home/adam/pyroam/src/helpers.ts": {"path":"/home/adam/pyroam/src/helpers.ts","statementMap":{"0":{"start":{"line":1,"column":21},"end":{"line":4,"column":1}},"1":{"start":{"line":2,"column":10},"end":{"line":2,"column":20}},"2":{"start":{"line":3,"column":2},"end":{"line":3,"column":46}},"3":{"start":{"line":3,"column":28},"end":{"line":3,"column":44}},"4":{"start":{"line":6,"column":32},"end":{"line":12,"column":1}},"5":{"start":{"line":7,"column":2},"end":{"line":9,"column":16}},"6":{"start":{"line":8,"column":4},"end":{"line":8,"column":44}},"7":{"start":{"line":10,"column":2},"end":{"line":10,"column":70}},"8":{"start":{"line":11,"column":2},"end":{"line":11,"column":64}},"9":{"start":{"line":14,"column":31},"end":{"line":20,"column":1}},"10":{"start":{"line":15,"column":2},"end":{"line":19,"column":4}},"11":{"start":{"line":22,"column":25},"end":{"line":41,"column":1}},"12":{"start":{"line":24,"column":15},"end":{"line":39,"column":3}},"13":{"start":{"line":25,"column":12},"end":{"line":25,"column":14}},"14":{"start":{"line":26,"column":10},"end":{"line":26,"column":51}},"15":{"start":{"line":27,"column":4},"end":{"line":37,"column":5}},"16":{"start":{"line":28,"column":14},"end":{"line":28,"column":23}},"17":{"start":{"line":29,"column":6},"end":{"line":36,"column":16}},"18":{"start":{"line":38,"column":4},"end":{"line":38,"column":13}},"19":{"start":{"line":40,"column":2},"end":{"line":40,"column":19}},"20":{"start":{"line":43,"column":33},"end":{"line":47,"column":1}},"21":{"start":{"line":44,"column":13},"end":{"line":44,"column":35}},"22":{"start":{"line":45,"column":14},"end":{"line":45,"column":57}},"23":{"start":{"line":46,"column":2},"end":{"line":46,"column":13}},"24":{"start":{"line":49,"column":35},"end":{"line":53,"column":1}},"25":{"start":{"line":50,"column":13},"end":{"line":50,"column":35}},"26":{"start":{"line":51,"column":18},"end":{"line":51,"column":92}},"27":{"start":{"line":52,"column":2},"end":{"line":52,"column":15}},"28":{"start":{"line":55,"column":30},"end":{"line":57,"column":1}},"29":{"start":{"line":56,"column":2},"end":{"line":56,"column":17}}},"fnMap":{"0":{"name":"(anonymous_0)","decl":{"start":{"line":1,"column":21},"end":{"line":1,"column":22}},"loc":{"start":{"line":1,"column":28},"end":{"line":4,"column":1}},"line":1},"1":{"name":"(anonymous_1)","decl":{"start":{"line":3,"column":21},"end":{"line":3,"column":22}},"loc":{"start":{"line":3,"column":28},"end":{"line":3,"column":44}},"line":3},"2":{"name":"(anonymous_2)","decl":{"start":{"line":6,"column":32},"end":{"line":6,"column":33}},"loc":{"start":{"line":6,"column":59},"end":{"line":12,"column":1}},"line":6},"3":{"name":"(anonymous_3)","decl":{"start":{"line":14,"column":31},"end":{"line":14,"column":32}},"loc":{"start":{"line":14,"column":50},"end":{"line":20,"column":1}},"line":14},"4":{"name":"(anonymous_4)","decl":{"start":{"line":22,"column":25},"end":{"line":22,"column":26}},"loc":{"start":{"line":22,"column":31},"end":{"line":41,"column":1}},"line":22},"5":{"name":"(anonymous_5)","decl":{"start":{"line":24,"column":15},"end":{"line":24,"column":16}},"loc":{"start":{"line":24,"column":27},"end":{"line":39,"column":3}},"line":24},"6":{"name":"(anonymous_6)","decl":{"start":{"line":43,"column":33},"end":{"line":43,"column":34}},"loc":{"start":{"line":43,"column":39},"end":{"line":47,"column":1}},"line":43},"7":{"name":"(anonymous_7)","decl":{"start":{"line":49,"column":35},"end":{"line":49,"column":36}},"loc":{"start":{"line":49,"column":41},"end":{"line":53,"column":1}},"line":49},"8":{"name":"(anonymous_8)","decl":{"start":{"line":55,"column":30},"end":{"line":55,"column":31}},"loc":{"start":{"line":55,"column":51},"end":{"line":57,"column":1}},"line":55}},"branchMap":{"0":{"loc":{"start":{"line":2,"column":10},"end":{"line":2,"column":20}},"type":"cond-expr","locations":[{"start":{"line":2,"column":14},"end":{"line":2,"column":15}},{"start":{"line":2,"column":18},"end":{"line":2,"column":20}}],"line":2},"1":{"loc":{"start":{"line":24,"column":16},"end":{"line":24,"column":22}},"type":"default-arg","locations":[{"start":{"line":24,"column":20},"end":{"line":24,"column":22}}],"line":24},"2":{"loc":{"start":{"line":30,"column":8},"end":{"line":36,"column":15}},"type":"cond-expr","locations":[{"start":{"line":31,"column":12},"end":{"line":31,"column":26}},{"start":{"line":32,"column":12},"end":{"line":36,"column":15}}],"line":30},"3":{"loc":{"start":{"line":32,"column":12},"end":{"line":36,"column":15}},"type":"cond-expr","locations":[{"start":{"line":33,"column":12},"end":{"line":33,"column":47}},{"start":{"line":34,"column":12},"end":{"line":36,"column":15}}],"line":32},"4":{"loc":{"start":{"line":34,"column":12},"end":{"line":36,"column":15}},"type":"cond-expr","locations":[{"start":{"line":35,"column":12},"end":{"line":35,"column":15}},{"start":{"line":36,"column":12},"end":{"line":36,"column":15}}],"line":34}},"s":{"0":1,"1":0,"2":0,"3":0,"4":1,"5":0,"6":0,"7":0,"8":0,"9":1,"10":0,"11":1,"12":0,"13":0,"14":0,"15":0,"16":0,"17":0,"18":0,"19":0,"20":1,"21":0,"22":0,"23":0,"24":1,"25":0,"26":0,"27":0,"28":1,"29":1},"f":{"0":0,"1":0,"2":0,"3":0,"4":0,"5":0,"6":0,"7":0,"8":1},"b":{"0":[0,0],"1":[0],"2":[0,0],"3":[0,0],"4":[0,0]},"_coverageSchema":"1a1c01bbd47fc00a2c39e90264f33305004495a9","hash":"e5c62660715c683d0b545fd898949d82a9988075"}
}
